{"meta": {"format": 3, "version": "7.8.2", "timestamp": "2025-05-31T07:46:00.632084", "branch_coverage": false, "show_contexts": false}, "files": {"src/cradle/__init__.py": {"executed_lines": [1, 3], "summary": {"covered_lines": 2, "num_statements": 2, "percent_covered": 100.0, "percent_covered_display": "100", "missing_lines": 0, "excluded_lines": 0}, "missing_lines": [], "excluded_lines": [], "functions": {"": {"executed_lines": [1, 3], "summary": {"covered_lines": 2, "num_statements": 2, "percent_covered": 100.0, "percent_covered_display": "100", "missing_lines": 0, "excluded_lines": 0}, "missing_lines": [], "excluded_lines": []}}, "classes": {"": {"executed_lines": [1, 3], "summary": {"covered_lines": 2, "num_statements": 2, "percent_covered": 100.0, "percent_covered_display": "100", "missing_lines": 0, "excluded_lines": 0}, "missing_lines": [], "excluded_lines": []}}}, "src/cradle/cli.py": {"executed_lines": [1, 2, 3, 4, 5, 6, 8, 9, 10, 11, 12, 14, 15, 16, 21, 22, 30, 34, 35, 37, 40, 42, 44, 45, 48, 51, 54, 55, 59, 60, 61, 62, 63, 64, 70, 87, 90, 92, 94, 95, 97, 98, 101, 106, 107, 108, 109, 110, 111, 112, 115, 116, 117, 118, 120, 122, 124, 127, 128, 129, 130, 132, 143, 144, 145, 146, 149, 152, 153, 155, 156, 159], "summary": {"covered_lines": 71, "num_statements": 74, "percent_covered": 95.94594594594595, "percent_covered_display": "96", "missing_lines": 3, "excluded_lines": 5}, "missing_lines": [65, 66, 67], "excluded_lines": [159, 160, 161, 162, 163], "functions": {"load_templates": {"executed_lines": [34, 35, 37], "summary": {"covered_lines": 3, "num_statements": 3, "percent_covered": 100.0, "percent_covered_display": "100", "missing_lines": 0, "excluded_lines": 0}, "missing_lines": [], "excluded_lines": []}, "append_to_yaml_file": {"executed_lines": [42, 44, 45, 48, 51, 54, 55], "summary": {"covered_lines": 7, "num_statements": 7, "percent_covered": 100.0, "percent_covered_display": "100", "missing_lines": 0, "excluded_lines": 0}, "missing_lines": [], "excluded_lines": []}, "load_defaults": {"executed_lines": [60, 61, 62, 63, 64], "summary": {"covered_lines": 5, "num_statements": 8, "percent_covered": 62.5, "percent_covered_display": "62", "missing_lines": 3, "excluded_lines": 0}, "missing_lines": [65, 66, 67], "excluded_lines": []}, "cli": {"executed_lines": [87, 90, 92, 94, 95, 97, 98, 101, 106, 107, 108, 109, 110, 111, 112, 115, 116, 117, 118, 120, 122, 124, 127, 128, 129, 130, 132, 143, 144, 145, 146, 149, 152, 153, 155, 156], "summary": {"covered_lines": 36, "num_statements": 36, "percent_covered": 100.0, "percent_covered_display": "100", "missing_lines": 0, "excluded_lines": 0}, "missing_lines": [], "excluded_lines": []}, "main": {"executed_lines": [], "summary": {"covered_lines": 0, "num_statements": 0, "percent_covered": 100.0, "percent_covered_display": "100", "missing_lines": 0, "excluded_lines": 4}, "missing_lines": [], "excluded_lines": [160, 161, 162, 163]}, "": {"executed_lines": [1, 2, 3, 4, 5, 6, 8, 9, 10, 11, 12, 14, 15, 16, 21, 22, 30, 40, 59, 70, 159], "summary": {"covered_lines": 20, "num_statements": 20, "percent_covered": 100.0, "percent_covered_display": "100", "missing_lines": 0, "excluded_lines": 1}, "missing_lines": [], "excluded_lines": [159]}}, "classes": {"": {"executed_lines": [1, 2, 3, 4, 5, 6, 8, 9, 10, 11, 12, 14, 15, 16, 21, 22, 30, 34, 35, 37, 40, 42, 44, 45, 48, 51, 54, 55, 59, 60, 61, 62, 63, 64, 70, 87, 90, 92, 94, 95, 97, 98, 101, 106, 107, 108, 109, 110, 111, 112, 115, 116, 117, 118, 120, 122, 124, 127, 128, 129, 130, 132, 143, 144, 145, 146, 149, 152, 153, 155, 156, 159], "summary": {"covered_lines": 71, "num_statements": 74, "percent_covered": 95.94594594594595, "percent_covered_display": "96", "missing_lines": 3, "excluded_lines": 5}, "missing_lines": [65, 66, 67], "excluded_lines": [159, 160, 161, 162, 163]}}}, "src/cradle/utils/__init__.py": {"executed_lines": [0], "summary": {"covered_lines": 0, "num_statements": 0, "percent_covered": 100.0, "percent_covered_display": "100", "missing_lines": 0, "excluded_lines": 0}, "missing_lines": [], "excluded_lines": [], "functions": {"": {"executed_lines": [], "summary": {"covered_lines": 0, "num_statements": 0, "percent_covered": 100.0, "percent_covered_display": "100", "missing_lines": 0, "excluded_lines": 0}, "missing_lines": [], "excluded_lines": []}}, "classes": {"": {"executed_lines": [], "summary": {"covered_lines": 0, "num_statements": 0, "percent_covered": 100.0, "percent_covered_display": "100", "missing_lines": 0, "excluded_lines": 0}, "missing_lines": [], "excluded_lines": []}}}, "src/cradle/utils/gh_client.py": {"executed_lines": [1, 2, 3, 5, 6, 9, 10, 11, 13, 15, 16, 17, 19, 20, 21, 22, 23, 25, 27, 29, 30, 31, 32, 33, 34, 36, 37, 39, 40, 45, 47, 48, 49, 50, 51, 57, 59, 60], "summary": {"covered_lines": 38, "num_statements": 66, "percent_covered": 57.57575757575758, "percent_covered_display": "58", "missing_lines": 28, "excluded_lines": 0}, "missing_lines": [24, 41, 42, 52, 53, 54, 63, 66, 67, 68, 69, 71, 72, 73, 74, 77, 80, 81, 84, 85, 86, 87, 89, 91, 98, 99, 102, 104], "excluded_lines": [], "functions": {"GitHubCLI.__init__": {"executed_lines": [11], "summary": {"covered_lines": 1, "num_statements": 1, "percent_covered": 100.0, "percent_covered_display": "100", "missing_lines": 0, "excluded_lines": 0}, "missing_lines": [], "excluded_lines": []}, "GitHubCLI.run": {"executed_lines": [15, 16, 17, 19, 20, 21, 22, 23, 25], "summary": {"covered_lines": 9, "num_statements": 10, "percent_covered": 90.0, "percent_covered_display": "90", "missing_lines": 1, "excluded_lines": 0}, "missing_lines": [24], "excluded_lines": []}, "GitHubCLI.create_repo": {"executed_lines": [29, 30, 31, 32, 33, 34], "summary": {"covered_lines": 6, "num_statements": 6, "percent_covered": 100.0, "percent_covered_display": "100", "missing_lines": 0, "excluded_lines": 0}, "missing_lines": [], "excluded_lines": []}, "GitHubCLI.version": {"executed_lines": [39, 40], "summary": {"covered_lines": 2, "num_statements": 4, "percent_covered": 50.0, "percent_covered_display": "50", "missing_lines": 2, "excluded_lines": 0}, "missing_lines": [41, 42], "excluded_lines": []}, "is_git_repo": {"executed_lines": [47, 48, 49, 50, 51], "summary": {"covered_lines": 5, "num_statements": 8, "percent_covered": 62.5, "percent_covered_display": "62", "missing_lines": 3, "excluded_lines": 0}, "missing_lines": [52, 53, 54], "excluded_lines": []}, "setup_repository": {"executed_lines": [59, 60], "summary": {"covered_lines": 2, "num_statements": 24, "percent_covered": 8.333333333333334, "percent_covered_display": "8", "missing_lines": 22, "excluded_lines": 0}, "missing_lines": [63, 66, 67, 68, 69, 71, 72, 73, 74, 77, 80, 81, 84, 85, 86, 87, 89, 91, 98, 99, 102, 104], "excluded_lines": []}, "": {"executed_lines": [1, 2, 3, 5, 6, 9, 10, 13, 27, 36, 37, 45, 57], "summary": {"covered_lines": 13, "num_statements": 13, "percent_covered": 100.0, "percent_covered_display": "100", "missing_lines": 0, "excluded_lines": 0}, "missing_lines": [], "excluded_lines": []}}, "classes": {"GitHubCLI": {"executed_lines": [11, 15, 16, 17, 19, 20, 21, 22, 23, 25, 29, 30, 31, 32, 33, 34, 39, 40], "summary": {"covered_lines": 18, "num_statements": 21, "percent_covered": 85.71428571428571, "percent_covered_display": "86", "missing_lines": 3, "excluded_lines": 0}, "missing_lines": [24, 41, 42], "excluded_lines": []}, "": {"executed_lines": [1, 2, 3, 5, 6, 9, 10, 13, 27, 36, 37, 45, 47, 48, 49, 50, 51, 57, 59, 60], "summary": {"covered_lines": 20, "num_statements": 45, "percent_covered": 44.44444444444444, "percent_covered_display": "44", "missing_lines": 25, "excluded_lines": 0}, "missing_lines": [52, 53, 54, 63, 66, 67, 68, 69, 71, 72, 73, 74, 77, 80, 81, 84, 85, 86, 87, 89, 91, 98, 99, 102, 104], "excluded_lines": []}}}, "src/cradle/utils/git.py": {"executed_lines": [1, 7, 8, 9, 11, 14, 15, 18, 19, 22, 23, 24, 26, 27, 28, 29, 31, 32, 35, 42, 62, 63, 64, 73, 76, 78, 80, 81, 82, 88, 94, 97, 107], "summary": {"covered_lines": 29, "num_statements": 35, "percent_covered": 82.85714285714286, "percent_covered_display": "83", "missing_lines": 6, "excluded_lines": 0}, "missing_lines": [33, 65, 66, 84, 86, 108], "excluded_lines": [], "functions": {"_GitVersion.__ge__": {"executed_lines": [32, 35], "summary": {"covered_lines": 2, "num_statements": 3, "percent_covered": 66.66666666666667, "percent_covered_display": "67", "missing_lines": 1, "excluded_lines": 0}, "missing_lines": [33], "excluded_lines": []}, "_check_git_version": {"executed_lines": [62, 63, 64, 73, 76, 78, 80, 81, 82, 88, 94], "summary": {"covered_lines": 11, "num_statements": 15, "percent_covered": 73.33333333333333, "percent_covered_display": "73", "missing_lines": 4, "excluded_lines": 0}, "missing_lines": [65, 66, 84, 86], "excluded_lines": []}, "assert_git_version": {"executed_lines": [107], "summary": {"covered_lines": 1, "num_statements": 2, "percent_covered": 50.0, "percent_covered_display": "50", "missing_lines": 1, "excluded_lines": 0}, "missing_lines": [108], "excluded_lines": []}, "": {"executed_lines": [1, 7, 8, 9, 11, 14, 15, 18, 19, 22, 23, 24, 26, 27, 28, 29, 31, 42, 97], "summary": {"covered_lines": 15, "num_statements": 15, "percent_covered": 100.0, "percent_covered_display": "100", "missing_lines": 0, "excluded_lines": 0}, "missing_lines": [], "excluded_lines": []}}, "classes": {"GitVersionError": {"executed_lines": [], "summary": {"covered_lines": 0, "num_statements": 0, "percent_covered": 100.0, "percent_covered_display": "100", "missing_lines": 0, "excluded_lines": 0}, "missing_lines": [], "excluded_lines": []}, "GitNotFoundError": {"executed_lines": [], "summary": {"covered_lines": 0, "num_statements": 0, "percent_covered": 100.0, "percent_covered_display": "100", "missing_lines": 0, "excluded_lines": 0}, "missing_lines": [], "excluded_lines": []}, "_GitVersion": {"executed_lines": [32, 35], "summary": {"covered_lines": 2, "num_statements": 3, "percent_covered": 66.66666666666667, "percent_covered_display": "67", "missing_lines": 1, "excluded_lines": 0}, "missing_lines": [33], "excluded_lines": []}, "": {"executed_lines": [1, 7, 8, 9, 11, 14, 15, 18, 19, 22, 23, 24, 26, 27, 28, 29, 31, 42, 62, 63, 64, 73, 76, 78, 80, 81, 82, 88, 94, 97, 107], "summary": {"covered_lines": 27, "num_statements": 32, "percent_covered": 84.375, "percent_covered_display": "84", "missing_lines": 5, "excluded_lines": 0}, "missing_lines": [65, 66, 84, 86, 108], "excluded_lines": []}}}, "src/cradle/utils/questions.py": {"executed_lines": [1, 2, 4, 7, 8, 9, 10, 14, 17, 18, 19, 20, 23, 24, 25, 26, 29, 30, 31, 32, 35, 36, 37, 38, 39, 42, 43, 44, 47, 48, 50, 53, 55, 58, 60, 63, 65, 70, 73, 74, 75, 78, 79, 80, 81, 82, 83, 84, 85, 86, 88, 90], "summary": {"covered_lines": 52, "num_statements": 52, "percent_covered": 100.0, "percent_covered_display": "100", "missing_lines": 0, "excluded_lines": 0}, "missing_lines": [], "excluded_lines": [], "functions": {"_validate_project_name": {"executed_lines": [8, 9, 10, 14], "summary": {"covered_lines": 4, "num_statements": 4, "percent_covered": 100.0, "percent_covered_display": "100", "missing_lines": 0, "excluded_lines": 0}, "missing_lines": [], "excluded_lines": []}, "_validate_username": {"executed_lines": [18, 19, 20], "summary": {"covered_lines": 3, "num_statements": 3, "percent_covered": 100.0, "percent_covered_display": "100", "missing_lines": 0, "excluded_lines": 0}, "missing_lines": [], "excluded_lines": []}, "_validate_description": {"executed_lines": [24, 25, 26], "summary": {"covered_lines": 3, "num_statements": 3, "percent_covered": 100.0, "percent_covered_display": "100", "missing_lines": 0, "excluded_lines": 0}, "missing_lines": [], "excluded_lines": []}, "_validate_page": {"executed_lines": [30, 31, 32], "summary": {"covered_lines": 3, "num_statements": 3, "percent_covered": 100.0, "percent_covered_display": "100", "missing_lines": 0, "excluded_lines": 0}, "missing_lines": [], "excluded_lines": []}, "_validate_status": {"executed_lines": [36, 37, 38, 39], "summary": {"covered_lines": 4, "num_statements": 4, "percent_covered": 100.0, "percent_covered_display": "100", "missing_lines": 0, "excluded_lines": 0}, "missing_lines": [], "excluded_lines": []}, "ask": {"executed_lines": [43, 44, 47, 48, 50, 53, 55, 58, 60, 63, 65, 70, 73, 74, 75, 78, 79, 80, 81, 82, 83, 84, 85, 86, 88, 90], "summary": {"covered_lines": 26, "num_statements": 26, "percent_covered": 100.0, "percent_covered_display": "100", "missing_lines": 0, "excluded_lines": 0}, "missing_lines": [], "excluded_lines": []}, "": {"executed_lines": [1, 2, 4, 7, 17, 23, 29, 35, 42], "summary": {"covered_lines": 9, "num_statements": 9, "percent_covered": 100.0, "percent_covered_display": "100", "missing_lines": 0, "excluded_lines": 0}, "missing_lines": [], "excluded_lines": []}}, "classes": {"": {"executed_lines": [1, 2, 4, 7, 8, 9, 10, 14, 17, 18, 19, 20, 23, 24, 25, 26, 29, 30, 31, 32, 35, 36, 37, 38, 39, 42, 43, 44, 47, 48, 50, 53, 55, 58, 60, 63, 65, 70, 73, 74, 75, 78, 79, 80, 81, 82, 83, 84, 85, 86, 88, 90], "summary": {"covered_lines": 52, "num_statements": 52, "percent_covered": 100.0, "percent_covered_display": "100", "missing_lines": 0, "excluded_lines": 0}, "missing_lines": [], "excluded_lines": []}}}}, "totals": {"covered_lines": 192, "num_statements": 229, "percent_covered": 83.84279475982532, "percent_covered_display": "84", "missing_lines": 37, "excluded_lines": 5}}