SF:src/cradle/__init__.py
end_of_record
SF:src/cradle/cli.py
DA:1,1
DA:2,1
DA:3,1
DA:4,1
DA:5,1
DA:6,1
DA:8,1
DA:9,1
DA:10,1
DA:11,1
DA:12,1
DA:14,1
DA:15,1
DA:16,1
DA:21,1
DA:22,1
DA:30,1
DA:34,1
DA:35,1
DA:37,1
DA:40,1
DA:42,1
DA:44,1
DA:45,1
DA:48,1
DA:51,1
DA:54,1
DA:55,1
DA:59,1
DA:60,1
DA:61,1
DA:62,1
DA:63,1
DA:64,1
DA:65,1
DA:66,1
DA:67,1
DA:70,1
DA:87,1
DA:90,1
DA:92,1
DA:94,1
DA:95,1
DA:97,1
DA:98,1
DA:101,1
DA:106,1
DA:107,1
DA:108,1
DA:109,1
DA:110,1
DA:111,1
DA:112,1
DA:115,1
DA:116,1
DA:117,1
DA:118,1
DA:120,1
DA:122,1
DA:124,1
DA:127,1
DA:128,1
DA:129,1
DA:130,1
DA:132,1
DA:143,1
DA:144,1
DA:145,1
DA:148,1
DA:151,1
DA:152,1
DA:154,1
DA:155,1
LF:73
LH:73
FN:30,37,load_templates
FNDA:1,load_templates
FN:40,55,append_to_yaml_file
FNDA:1,append_to_yaml_file
FN:59,67,load_defaults
FNDA:1,load_defaults
FN:70,155,cli
FNDA:1,cli
FN:158,162,main
FNDA:0,main
FNF:5
FNH:4
end_of_record
SF:src/cradle/utils/__init__.py
end_of_record
SF:src/cradle/utils/gh_client.py
DA:1,1
DA:2,1
DA:3,1
DA:5,1
DA:6,1
DA:9,1
DA:10,1
DA:11,1
DA:13,1
DA:15,1
DA:16,1
DA:17,0
DA:19,1
DA:20,1
DA:21,1
DA:22,1
DA:23,1
DA:24,0
DA:25,1
DA:27,1
DA:29,1
DA:30,1
DA:31,1
DA:32,1
DA:33,1
DA:34,1
DA:36,1
DA:37,1
DA:39,1
DA:40,1
DA:41,0
DA:42,0
DA:45,1
DA:47,1
DA:48,1
DA:49,1
DA:50,1
DA:51,1
DA:52,0
DA:53,0
DA:54,0
DA:57,1
DA:59,1
DA:60,1
DA:63,0
DA:66,0
DA:67,0
DA:68,0
DA:69,0
DA:71,0
DA:72,0
DA:73,0
DA:76,0
DA:79,0
DA:80,0
DA:83,0
DA:84,0
DA:85,0
DA:92,0
DA:93,0
DA:96,0
DA:98,0
LF:62
LH:37
FN:10,11,GitHubCLI.__init__
FNDA:1,GitHubCLI.__init__
FN:13,25,GitHubCLI.run
FNDA:1,GitHubCLI.run
FN:27,34,GitHubCLI.create_repo
FNDA:1,GitHubCLI.create_repo
FN:37,42,GitHubCLI.version
FNDA:1,GitHubCLI.version
FN:45,54,is_git_repo
FNDA:1,is_git_repo
FN:57,98,setup_repository
FNDA:1,setup_repository
FNF:6
FNH:6
end_of_record
SF:src/cradle/utils/git.py
DA:7,1
DA:8,1
DA:9,1
DA:11,1
DA:14,1
DA:18,1
DA:22,1
DA:23,1
DA:26,1
DA:27,1
DA:28,1
DA:29,1
DA:31,1
DA:32,1
DA:33,0
DA:35,1
DA:42,1
DA:62,1
DA:63,1
DA:64,1
DA:65,0
DA:66,0
DA:73,1
DA:76,1
DA:78,1
DA:80,1
DA:81,1
DA:82,1
DA:84,0
DA:86,0
DA:88,1
DA:94,1
DA:97,1
DA:107,1
DA:108,0
LF:35
LH:29
FN:31,39,_GitVersion.__ge__
FNDA:1,_GitVersion.__ge__
FN:42,94,_check_git_version
FNDA:1,_check_git_version
FN:97,108,assert_git_version
FNDA:1,assert_git_version
FNF:3
FNH:3
end_of_record
SF:src/cradle/utils/questions.py
DA:1,1
DA:2,1
DA:4,1
DA:7,1
DA:8,1
DA:9,1
DA:10,1
DA:14,1
DA:17,1
DA:18,1
DA:19,1
DA:20,1
DA:23,1
DA:24,1
DA:25,1
DA:26,1
DA:29,1
DA:30,1
DA:31,1
DA:32,1
DA:35,1
DA:36,1
DA:37,1
DA:38,1
DA:39,1
DA:42,1
DA:43,1
DA:44,1
DA:47,1
DA:48,1
DA:50,1
DA:53,1
DA:55,1
DA:58,1
DA:60,1
DA:63,1
DA:65,1
DA:70,1
DA:73,1
DA:74,1
DA:75,1
DA:78,1
DA:79,1
DA:80,1
DA:81,1
DA:82,1
DA:83,1
DA:84,1
DA:85,1
DA:86,1
DA:88,1
DA:90,1
LF:52
LH:52
FN:7,14,_validate_project_name
FNDA:1,_validate_project_name
FN:17,20,_validate_username
FNDA:1,_validate_username
FN:23,26,_validate_description
FNDA:1,_validate_description
FN:29,32,_validate_page
FNDA:1,_validate_page
FN:35,39,_validate_status
FNDA:1,_validate_status
FN:42,99,ask
FNDA:1,ask
FNF:6
FNH:6
end_of_record
